# JRE version: Java(TM) SE Runtime Environment (18.0+36) (build 18+36-2087)
# Java VM: Java HotSpot(TM) 64-Bit Server VM (18+36-2087, mixed mode, sharing, tiered, compressed oops, compressed class ptrs, g1 gc, windows-amd64)
GC Precious Log:
 CardTable entry size: 512
 Card Set container configuration: InlinePtr #cards 5 size 8 Array Of Cards #cards 12 size 40 Howl #buckets 4 coarsen threshold 1843 Howl Bitmap #cards 512 size 80 coarsen threshold 460 Card regions per heap region 1 cards per card region 2048
 CPUs: 4 total, 4 available
 Memory: 8026M
 Large Page Support: Disabled
 NUMA Support: Disabled
 Compressed Oops: Enabled (32-bit)
 Heap Region Size: 1M
 Heap Min Capacity: 8M
 Heap Initial Capacity: 126M
 Heap Max Capacity: 2008M
 Pre-touch: Disabled
 Parallel Workers: 4
 Concurrent Workers: 1
 Concurrent Refinement Workers: 4
 Periodic GC: Disabled
Heap:
 garbage-first heap   total 40960K, used 27443K [0x0000000082800000, 0x0000000100000000)
  region size 1024K, 22 young (22528K), 5 survivors (5120K)
 Metaspace       used 22878K, committed 23168K, reserved 1114112K
  class space    used 2691K, committed 2816K, reserved 1048576K
GC Heap History (10 events):
Event: 0.860 GC heap before
{Heap before GC invocations=0 (full 0):
 garbage-first heap   total 129024K, used 13312K [0x0000000082800000, 0x0000000100000000)
  region size 1024K, 13 young (13312K), 0 survivors (0K)
 Metaspace       used 5583K, committed 5696K, reserved 1114112K
  class space    used 588K, committed 640K, reserved 1048576K
}
Event: 0.867 GC heap after
{Heap after GC invocations=1 (full 0):
 garbage-first heap   total 129024K, used 4442K [0x0000000082800000, 0x0000000100000000)
  region size 1024K, 2 young (2048K), 2 survivors (2048K)
 Metaspace       used 5583K, committed 5696K, reserved 1114112K
  class space    used 588K, committed 640K, reserved 1048576K
}
Event: 1.350 GC heap before
{Heap before GC invocations=1 (full 0):
 garbage-first heap   total 129024K, used 16730K [0x0000000082800000, 0x0000000100000000)
  region size 1024K, 14 young (14336K), 2 survivors (2048K)
 Metaspace       used 9361K, committed 9600K, reserved 1114112K
  class space    used 1042K, committed 1152K, reserved 1048576K
}
Event: 1.356 GC heap after
{Heap after GC invocations=2 (full 0):
 garbage-first heap   total 129024K, used 6850K [0x0000000082800000, 0x0000000100000000)
  region size 1024K, 2 young (2048K), 2 survivors (2048K)
 Metaspace       used 9361K, committed 9600K, reserved 1114112K
  class space    used 1042K, committed 1152K, reserved 1048576K
}
Event: 8.610 GC heap before
{Heap before GC invocations=2 (full 0):
 garbage-first heap   total 129024K, used 31426K [0x0000000082800000, 0x0000000100000000)
  region size 1024K, 27 young (27648K), 2 survivors (2048K)
 Metaspace       used 17132K, committed 17408K, reserved 1114112K
  class space    used 2006K, committed 2112K, reserved 1048576K
}
Event: 8.617 GC heap after
{Heap after GC invocations=3 (full 0):
 garbage-first heap   total 129024K, used 9013K [0x0000000082800000, 0x0000000100000000)
  region size 1024K, 4 young (4096K), 4 survivors (4096K)
 Metaspace       used 17132K, committed 17408K, reserved 1114112K
  class space    used 2006K, committed 2112K, reserved 1048576K
}
Event: 9.329 GC heap before
{Heap before GC invocations=3 (full 0):
 garbage-first heap   total 129024K, used 62261K [0x0000000082800000, 0x0000000100000000)
  region size 1024K, 56 young (57344K), 4 survivors (4096K)
 Metaspace       used 21055K, committed 21312K, reserved 1114112K
  class space    used 2490K, committed 2624K, reserved 1048576K
}
Event: 9.339 GC heap after
{Heap after GC invocations=4 (full 0):
 garbage-first heap   total 129024K, used 11177K [0x0000000082800000, 0x0000000100000000)
  region size 1024K, 5 young (5120K), 5 survivors (5120K)
 Metaspace       used 21055K, committed 21312K, reserved 1114112K
  class space    used 2490K, committed 2624K, reserved 1048576K
}
Event: 9.374 GC heap before
{Heap before GC invocations=4 (full 0):
 garbage-first heap   total 129024K, used 12201K [0x0000000082800000, 0x0000000100000000)
  region size 1024K, 7 young (7168K), 5 survivors (5120K)
 Metaspace       used 21238K, committed 21504K, reserved 1114112K
  class space    used 2519K, committed 2688K, reserved 1048576K
}
Event: 9.381 GC heap after
{Heap after GC invocations=5 (full 0):
 garbage-first heap   total 129024K, used 11059K [0x0000000082800000, 0x0000000100000000)
  region size 1024K, 5 young (5120K), 5 survivors (5120K)
 Metaspace       used 21238K, committed 21504K, reserved 1114112K
  class space    used 2519K, committed 2688K, reserved 1048576K
}

